# JRE version: Java(TM) SE Runtime Environment (21.0+35) (build 21+35-LTS-2513)
# Java VM: Java HotSpot(TM) 64-Bit Server VM (21+35-LTS-2513, mixed mode, emulated-client, sharing, tiered, compressed oops, compressed class ptrs, g1 gc, windows-amd64)
GC Precious Log:
 CardTable entry size: 512
 Card Set container configuration: InlinePtr #cards 4 size 8 Array Of Cards #cards 16 size 48 Howl #buckets 8 coarsen threshold 3686 Howl Bitmap #cards 512 size 80 coarsen threshold 460 Card regions per heap region 1 cards per card region 4096
 CPUs: 4 total, 4 available
 Memory: 16211M
 Large Page Support: Disabled
 NUMA Support: Disabled
 Compressed Oops: Enabled (Zero based)
 Heap Region Size: 2M
 Heap Min Capacity: 8M
 Heap Initial Capacity: 254M
 Heap Max Capacity: 4054M
 Pre-touch: Disabled
 Parallel Workers: 4
 Concurrent Workers: 1
 Concurrent Refinement Workers: 4
 Periodic GC: Disabled
Heap:
 garbage-first heap   total 108544K, used 38935K [0x0000000702a00000, 0x0000000800000000)
  region size 2048K, 10 young (20480K), 3 survivors (6144K)
 Metaspace       used 56235K, committed 56704K, reserved 1114112K
  class space    used 7706K, committed 7936K, reserved 1048576K
GC Heap History (20 events):
Event: 1.858 GC heap before
{Heap before GC invocations=3 (full 0):
 garbage-first heap   total 260096K, used 116945K [0x0000000702a00000, 0x0000000800000000)
  region size 2048K, 57 young (116736K), 2 survivors (4096K)
 Metaspace       used 21273K, committed 21504K, reserved 1114112K
  class space    used 2763K, committed 2880K, reserved 1048576K
}
Event: 1.864 GC heap after
{Heap after GC invocations=4 (full 0):
 garbage-first heap   total 260096K, used 11693K [0x0000000702a00000, 0x0000000800000000)
  region size 2048K, 4 young (8192K), 4 survivors (8192K)
 Metaspace       used 21273K, committed 21504K, reserved 1114112K
  class space    used 2763K, committed 2880K, reserved 1048576K
}
Event: 2.017 GC heap before
{Heap before GC invocations=5 (full 0):
 garbage-first heap   total 61440K, used 44461K [0x0000000702a00000, 0x0000000800000000)
  region size 2048K, 20 young (40960K), 4 survivors (8192K)
 Metaspace       used 23321K, committed 23616K, reserved 1114112K
  class space    used 3042K, committed 3200K, reserved 1048576K
}
Event: 2.022 GC heap after
{Heap after GC invocations=6 (full 0):
 garbage-first heap   total 61440K, used 12798K [0x0000000702a00000, 0x0000000800000000)
  region size 2048K, 1 young (2048K), 1 survivors (2048K)
 Metaspace       used 23321K, committed 23616K, reserved 1114112K
  class space    used 3042K, committed 3200K, reserved 1048576K
}
Event: 2.355 GC heap before
{Heap before GC invocations=6 (full 0):
 garbage-first heap   total 61440K, used 47614K [0x0000000702a00000, 0x0000000800000000)
  region size 2048K, 18 young (36864K), 1 survivors (2048K)
 Metaspace       used 25689K, committed 25984K, reserved 1114112K
  class space    used 3406K, committed 3520K, reserved 1048576K
}
Event: 2.360 GC heap after
{Heap after GC invocations=7 (full 0):
 garbage-first heap   total 61440K, used 14064K [0x0000000702a00000, 0x0000000800000000)
  region size 2048K, 1 young (2048K), 1 survivors (2048K)
 Metaspace       used 25689K, committed 25984K, reserved 1114112K
  class space    used 3406K, committed 3520K, reserved 1048576K
}
Event: 2.778 GC heap before
{Heap before GC invocations=7 (full 0):
 garbage-first heap   total 61440K, used 48880K [0x0000000702a00000, 0x0000000800000000)
  region size 2048K, 18 young (36864K), 1 survivors (2048K)
 Metaspace       used 28595K, committed 28992K, reserved 1114112K
  class space    used 3847K, committed 4032K, reserved 1048576K
}
Event: 2.785 GC heap after
{Heap after GC invocations=8 (full 0):
 garbage-first heap   total 61440K, used 16501K [0x0000000702a00000, 0x0000000800000000)
  region size 2048K, 3 young (6144K), 3 survivors (6144K)
 Metaspace       used 28595K, committed 28992K, reserved 1114112K
  class space    used 3847K, committed 4032K, reserved 1048576K
}
Event: 3.085 GC heap before
{Heap before GC invocations=8 (full 0):
 garbage-first heap   total 61440K, used 47221K [0x0000000702a00000, 0x0000000800000000)
  region size 2048K, 18 young (36864K), 3 survivors (6144K)
 Metaspace       used 31693K, committed 32128K, reserved 1114112K
  class space    used 4226K, committed 4416K, reserved 1048576K
}
Event: 3.094 GC heap after
{Heap after GC invocations=9 (full 0):
 garbage-first heap   total 161792K, used 17639K [0x0000000702a00000, 0x0000000800000000)
  region size 2048K, 2 young (4096K), 2 survivors (4096K)
 Metaspace       used 31693K, committed 32128K, reserved 1114112K
  class space    used 4226K, committed 4416K, reserved 1048576K
}
Event: 3.417 GC heap before
{Heap before GC invocations=9 (full 0):
 garbage-first heap   total 161792K, used 52455K [0x0000000702a00000, 0x0000000800000000)
  region size 2048K, 21 young (43008K), 2 survivors (4096K)
 Metaspace       used 35733K, committed 36096K, reserved 1114112K
  class space    used 4663K, committed 4800K, reserved 1048576K
}
Event: 3.424 GC heap after
{Heap after GC invocations=10 (full 0):
 garbage-first heap   total 161792K, used 19804K [0x0000000702a00000, 0x0000000800000000)
  region size 2048K, 3 young (6144K), 3 survivors (6144K)
 Metaspace       used 35733K, committed 36096K, reserved 1114112K
  class space    used 4663K, committed 4800K, reserved 1048576K
}
Event: 3.838 GC heap before
{Heap before GC invocations=11 (full 0):
 garbage-first heap   total 90112K, used 66908K [0x0000000702a00000, 0x0000000800000000)
  region size 2048K, 26 young (53248K), 3 survivors (6144K)
 Metaspace       used 40216K, committed 40704K, reserved 1114112K
  class space    used 5265K, committed 5504K, reserved 1048576K
}
Event: 3.844 GC heap after
{Heap after GC invocations=12 (full 0):
 garbage-first heap   total 90112K, used 20576K [0x0000000702a00000, 0x0000000800000000)
  region size 2048K, 3 young (6144K), 3 survivors (6144K)
 Metaspace       used 40216K, committed 40704K, reserved 1114112K
  class space    used 5265K, committed 5504K, reserved 1048576K
}
Event: 4.239 GC heap before
{Heap before GC invocations=12 (full 0):
 garbage-first heap   total 90112K, used 69728K [0x0000000702a00000, 0x0000000800000000)
  region size 2048K, 26 young (53248K), 3 survivors (6144K)
 Metaspace       used 44889K, committed 45376K, reserved 1114112K
  class space    used 6069K, committed 6272K, reserved 1048576K
}
Event: 4.246 GC heap after
{Heap after GC invocations=13 (full 0):
 garbage-first heap   total 90112K, used 23704K [0x0000000702a00000, 0x0000000800000000)
  region size 2048K, 2 young (4096K), 2 survivors (4096K)
 Metaspace       used 44889K, committed 45376K, reserved 1114112K
  class space    used 6069K, committed 6272K, reserved 1048576K
}
Event: 4.688 GC heap before
{Heap before GC invocations=13 (full 0):
 garbage-first heap   total 90112K, used 70808K [0x0000000702a00000, 0x0000000800000000)
  region size 2048K, 26 young (53248K), 2 survivors (4096K)
 Metaspace       used 49814K, committed 50240K, reserved 1114112K
  class space    used 6830K, committed 7040K, reserved 1048576K
}
Event: 4.694 GC heap after
{Heap after GC invocations=14 (full 0):
 garbage-first heap   total 108544K, used 24691K [0x0000000702a00000, 0x0000000800000000)
  region size 2048K, 3 young (6144K), 3 survivors (6144K)
 Metaspace       used 49814K, committed 50240K, reserved 1114112K
  class space    used 6830K, committed 7040K, reserved 1048576K
}
Event: 5.285 GC heap before
{Heap before GC invocations=14 (full 0):
 garbage-first heap   total 108544K, used 79987K [0x0000000702a00000, 0x0000000800000000)
  region size 2048K, 31 young (63488K), 3 survivors (6144K)
 Metaspace       used 55260K, committed 55744K, reserved 1114112K
  class space    used 7579K, committed 7808K, reserved 1048576K
}
Event: 5.291 GC heap after
{Heap after GC invocations=15 (full 0):
 garbage-first heap   total 108544K, used 26647K [0x0000000702a00000, 0x0000000800000000)
  region size 2048K, 3 young (6144K), 3 survivors (6144K)
 Metaspace       used 55260K, committed 55744K, reserved 1114112K
  class space    used 7579K, committed 7808K, reserved 1048576K
}

